<?xml version="1.0" encoding="UTF-8"?>
<!-- Generated by org.testng.reporters.JUnitReportReporter -->
<testsuite skipped="0" hostname="MAVENTUS6" name="TestCases.Socialinbox_Instagram" tests="1" failures="0" timestamp="29 Mar 2019 06:41:24 GMT" time="52.961" errors="0">
  <testcase name="Socialinboxinstagram" time="52.961" classname="TestCases.Socialinbox_Instagram"/>
</testsuite> <!-- TestCases.Socialinbox_Instagram -->
