<?xml version="1.0" encoding="UTF-8"?>
<!-- Generated by org.testng.reporters.JUnitReportReporter -->
<testsuite skipped="0" hostname="MAVENTUS6" name="TestCases.EnterpriseuserLogin" tests="1" failures="0" timestamp="13 Mar 2019 10:15:47 GMT" time="345.726" errors="0">
  <testcase name="enterpriseuseroperations" time="345.726" classname="TestCases.EnterpriseuserLogin"/>
</testsuite> <!-- TestCases.EnterpriseuserLogin -->
