<?xml version="1.0" encoding="UTF-8"?>
<!-- Generated by org.testng.reporters.JUnitReportReporter -->
<testsuite hostname="MAVENTUS6" failures="0" tests="1" name="TestCases.TwitterDMinitiation" time="35.005" errors="0" timestamp="21 Nov 2018 06:49:16 GMT" skipped="0">
  <testcase classname="TestCases.TwitterDMinitiation" name="amezonoperations" time="35.005"/>
</testsuite> <!-- TestCases.TwitterDMinitiation -->
