<?xml version="1.0" encoding="UTF-8"?>
<!-- Generated by org.testng.reporters.JUnitReportReporter -->
<testsuite skipped="0" hostname="MAVENTUS6" name="TestCases.Socialinbox_Instagram" tests="1" failures="0" timestamp="29 Mar 2019 09:47:55 GMT" time="78.072" errors="0">
  <testcase name="Socialinboxinstagram" time="78.072" classname="TestCases.Socialinbox_Instagram"/>
</testsuite> <!-- TestCases.Socialinbox_Instagram -->
