<?xml version="1.0" encoding="UTF-8"?>
<!-- Generated by org.testng.reporters.JUnitReportReporter -->
<testsuite skipped="0" hostname="MAVENTUS6" name="TestCases.Telecomopr" tests="1" failures="0" timestamp="03 Sep 2019 11:33:06 GMT" time="63.936" errors="0">
  <testcase name="telecomoperations" time="63.936" classname="TestCases.Telecomopr"/>
</testsuite> <!-- TestCases.Telecomopr -->
